<?xml version="1.0" encoding="UTF-8"?>
<?xml-stylesheet type="text/xsl" href="ivy-report.xsl"?>
<ivy-report version="1.0">
	<info
		organisation="default"
		module="default-794259"
		revision="0.1-SNAPSHOT"
		extra-sbtVersion="0.12"
		extra-scalaVersion="2.9.2"
		conf="test"
		confs="compile, runtime, test, provided, optional, compile-internal, runtime-internal, test-internal, plugin, sources, docs, pom"
		date="20130523130515"/>
	<dependencies>
		<module organisation="com.typesafe.sbt" name="sbt-start-script">
			<revision name="0.6.0" status="release" pubdate="20121108111812" resolver="sbt-plugin-releases" artresolver="sbt-plugin-releases" extra-sbtVersion="0.12" extra-scalaVersion="2.9.2" downloaded="true" searched="true" default="false" conf="default(compile), compile" position="1">
				<metadata-artifact status="successful" details="" size="2120" time="133" location="/home/hltcoe/epavlick/.ivy2/cache/scala_2.9.2/sbt_0.12/com.typesafe.sbt/sbt-start-script/ivy-0.6.0.xml" searched="true" original-local-location="/home/hltcoe/epavlick/.ivy2/cache/scala_2.9.2/sbt_0.12/com.typesafe.sbt/sbt-start-script/ivy-0.6.0.xml.original" origin-is-local="false" origin-location="http://scalasbt.artifactoryonline.com/scalasbt/sbt-plugin-releases/com.typesafe.sbt/sbt-start-script/scala_2.9.2/sbt_0.12/0.6.0/ivys/ivy.xml"/>
				<caller organisation="default" name="default-794259" conf="test, compile, runtime" rev="0.6.0" rev-constraint-default="0.6.0" rev-constraint-dynamic="0.6.0" callerrev="0.1-SNAPSHOT" extra-sbtVersion="0.12" extra-scalaVersion="2.9.2"/>
				<artifacts>
					<artifact name="sbt-start-script" type="jar" ext="jar" status="successful" details="" size="63267" time="155" location="/home/hltcoe/epavlick/.ivy2/cache/scala_2.9.2/sbt_0.12/com.typesafe.sbt/sbt-start-script/jars/sbt-start-script-0.6.0.jar">
						<origin-location is-local="false" location="http://scalasbt.artifactoryonline.com/scalasbt/sbt-plugin-releases/com.typesafe.sbt/sbt-start-script/scala_2.9.2/sbt_0.12/0.6.0/jars/sbt-start-script.jar"/>
					</artifact>
				</artifacts>
			</revision>
		</module>
		<module organisation="com.github.retronym" name="sbt-onejar">
			<revision name="0.8" status="release" pubdate="20120702232236" resolver="sbt-plugin-releases" artresolver="sbt-plugin-releases" extra-sbtVersion="0.12" extra-scalaVersion="2.9.2" downloaded="false" searched="false" default="false" conf="default(compile), compile" position="0">
				<metadata-artifact status="no" details="" size="1806" time="0" location="/home/hltcoe/epavlick/.ivy2/cache/scala_2.9.2/sbt_0.12/com.github.retronym/sbt-onejar/ivy-0.8.xml" searched="false" origin-is-local="false" origin-location="http://scalasbt.artifactoryonline.com/scalasbt/sbt-plugin-releases/com.github.retronym/sbt-onejar/scala_2.9.2/sbt_0.12/0.8/ivys/ivy.xml"/>
				<caller organisation="default" name="default-794259" conf="test, compile, runtime" rev="0.8" rev-constraint-default="0.8" rev-constraint-dynamic="0.8" callerrev="0.1-SNAPSHOT" extra-sbtVersion="0.12" extra-scalaVersion="2.9.2"/>
				<artifacts>
					<artifact name="sbt-onejar" type="jar" ext="jar" status="no" details="" size="147377" time="0" location="/home/hltcoe/epavlick/.ivy2/cache/scala_2.9.2/sbt_0.12/com.github.retronym/sbt-onejar/jars/sbt-onejar-0.8.jar">
						<origin-location is-local="false" location="http://scalasbt.artifactoryonline.com/scalasbt/sbt-plugin-releases/com.github.retronym/sbt-onejar/scala_2.9.2/sbt_0.12/0.8/jars/sbt-onejar.jar"/>
					</artifact>
				</artifacts>
			</revision>
		</module>
	</dependencies>
</ivy-report>
