<?xml version="1.0" encoding="UTF-8"?>
<?xml-stylesheet type="text/xsl" href="ivy-report.xsl"?>
<ivy-report version="1.0">
	<info
		organisation="hyperclass"
		module="hyperclass_2.10"
		revision="0.1-SNAPSHOT"
		conf="test"
		confs="compile, runtime, test, provided, optional, compile-internal, runtime-internal, test-internal, plugin, sources, docs, pom"
		date="20130521122924"/>
	<dependencies>
		<module organisation="org.scalatest" name="scalatest_2.10">
			<revision name="1.9.1" status="release" pubdate="20121222135935" resolver="public" artresolver="public" homepage="http://www.scalatest.org" downloaded="false" searched="false" default="false" conf="default(compile), default, compile, runtime, master" position="35">
				<license name="the Apache License, ASL Version 2.0" url="http://www.apache.org/licenses/LICENSE-2.0"/>
				<metadata-artifact status="no" details="" size="4873" time="0" location="/home/hltcoe/epavlick/.ivy2/cache/org.scalatest/scalatest_2.10/ivy-1.9.1.xml" searched="false" origin-is-local="false" origin-location="http://repo1.maven.org/maven2/org/scalatest/scalatest_2.10/1.9.1/scalatest_2.10-1.9.1.pom"/>
				<caller organisation="hyperclass" name="hyperclass_2.10" conf="test, compile, runtime" rev="1.9.1" rev-constraint-default="1.9.1" rev-constraint-dynamic="1.9.1" callerrev="0.1-SNAPSHOT"/>
				<artifacts>
					<artifact name="scalatest_2.10" type="jar" ext="jar" status="no" details="" size="3114958" time="0" location="/home/hltcoe/epavlick/.ivy2/cache/org.scalatest/scalatest_2.10/jars/scalatest_2.10-1.9.1.jar">
						<origin-location is-local="false" location="http://repo1.maven.org/maven2/org/scalatest/scalatest_2.10/1.9.1/scalatest_2.10-1.9.1.jar"/>
					</artifact>
				</artifacts>
			</revision>
		</module>
		<module organisation="org.scala-lang" name="scala-actors">
			<revision name="2.10.0" status="release" pubdate="20121220023006" resolver="public" artresolver="public" homepage="http://www.scala-lang.org/" downloaded="false" searched="false" default="false" conf="compile, master(*), runtime, compile(*), runtime(*), master" position="36">
				<license name="BSD-like" url="http://www.scala-lang.org/downloads/license.html          "/>
				<metadata-artifact status="no" details="" size="2548" time="0" location="/home/hltcoe/epavlick/.ivy2/cache/org.scala-lang/scala-actors/ivy-2.10.0.xml" searched="false" origin-is-local="false" origin-location="http://repo1.maven.org/maven2/org/scala-lang/scala-actors/2.10.0/scala-actors-2.10.0.pom"/>
				<caller organisation="org.scalatest" name="scalatest_2.10" conf="default, compile, runtime, master" rev="2.10.0" rev-constraint-default="2.10.0" rev-constraint-dynamic="2.10.0" callerrev="1.9.1"/>
				<artifacts>
					<artifact name="scala-actors" type="jar" ext="jar" status="no" details="" size="451307" time="0" location="/home/hltcoe/epavlick/.ivy2/cache/org.scala-lang/scala-actors/jars/scala-actors-2.10.0.jar">
						<origin-location is-local="false" location="http://repo1.maven.org/maven2/org/scala-lang/scala-actors/2.10.0/scala-actors-2.10.0.jar"/>
					</artifact>
				</artifacts>
			</revision>
		</module>
		<module organisation="org.scalanlp" name="breeze-viz_2.10">
			<revision name="0.2.3" status="release" pubdate="20130413133137" resolver="public" artresolver="public" homepage="http://scalanlp.org/" downloaded="false" searched="false" default="false" conf="default(compile), default, compile, runtime, master" position="26">
				<license name="Apache 2" url="http://www.apache.org/licenses/LICENSE-2.0.html"/>
				<metadata-artifact status="no" details="" size="4089" time="0" location="/home/hltcoe/epavlick/.ivy2/cache/org.scalanlp/breeze-viz_2.10/ivy-0.2.3.xml" searched="false" origin-is-local="false" origin-location="http://repo1.maven.org/maven2/org/scalanlp/breeze-viz_2.10/0.2.3/breeze-viz_2.10-0.2.3.pom"/>
				<caller organisation="hyperclass" name="hyperclass_2.10" conf="test, compile, runtime" rev="0.2.3" rev-constraint-default="0.2.3" rev-constraint-dynamic="0.2.3" callerrev="0.1-SNAPSHOT"/>
				<artifacts>
					<artifact name="breeze-viz_2.10" type="jar" ext="jar" status="no" details="" size="199682" time="0" location="/home/hltcoe/epavlick/.ivy2/cache/org.scalanlp/breeze-viz_2.10/jars/breeze-viz_2.10-0.2.3.jar">
						<origin-location is-local="false" location="http://repo1.maven.org/maven2/org/scalanlp/breeze-viz_2.10/0.2.3/breeze-viz_2.10-0.2.3.jar"/>
					</artifact>
				</artifacts>
			</revision>
		</module>
		<module organisation="com.lowagie" name="itext">
			<revision name="2.1.5" status="release" pubdate="20090420175248" resolver="public" artresolver="public" homepage="http://www.lowagie.com/iText/" downloaded="false" searched="false" default="false" conf="compile, master(*), runtime, compile(*), runtime(*), master" position="32">
				<license name="Mozilla Public License" url="http://www.mozilla.org/MPL/MPL-1.1.html"/>
				<metadata-artifact status="no" details="" size="2738" time="0" location="/home/hltcoe/epavlick/.ivy2/cache/com.lowagie/itext/ivy-2.1.5.xml" searched="false" origin-is-local="false" origin-location="http://repo1.maven.org/maven2/com/lowagie/itext/2.1.5/itext-2.1.5.pom"/>
				<caller organisation="org.scalanlp" name="breeze-viz_2.10" conf="default, compile, runtime, master" rev="2.1.5" rev-constraint-default="2.1.5" rev-constraint-dynamic="2.1.5" callerrev="0.2.3"/>
				<artifacts>
					<artifact name="itext" type="jar" ext="jar" status="no" details="" size="1117661" time="0" location="/home/hltcoe/epavlick/.ivy2/cache/com.lowagie/itext/jars/itext-2.1.5.jar">
						<origin-location is-local="false" location="http://repo1.maven.org/maven2/com/lowagie/itext/2.1.5/itext-2.1.5.jar"/>
					</artifact>
				</artifacts>
			</revision>
		</module>
		<module organisation="bouncycastle" name="bcprov-jdk14">
			<revision name="138" status="release" pubdate="20080404130549" resolver="public" artresolver="public" homepage="http://www.bouncycastle.org/java.html" downloaded="false" searched="false" default="false" conf="compile, master(*), runtime, compile(*), runtime(*), master" position="34">
				<license name="Bouncy Castle License" url="http://www.bouncycastle.org/licence.html"/>
				<metadata-artifact status="no" details="" size="2645" time="0" location="/home/hltcoe/epavlick/.ivy2/cache/bouncycastle/bcprov-jdk14/ivy-138.xml" searched="false" origin-is-local="false" origin-location="http://repo1.maven.org/maven2/bouncycastle/bcprov-jdk14/138/bcprov-jdk14-138.pom"/>
				<caller organisation="com.lowagie" name="itext" conf="compile, runtime" rev="138" rev-constraint-default="138" rev-constraint-dynamic="138" callerrev="2.1.5"/>
				<artifacts>
					<artifact name="bcprov-jdk14" type="jar" ext="jar" status="no" details="" size="1551468" time="0" location="/home/hltcoe/epavlick/.ivy2/cache/bouncycastle/bcprov-jdk14/jars/bcprov-jdk14-138.jar">
						<origin-location is-local="false" location="http://repo1.maven.org/maven2/bouncycastle/bcprov-jdk14/138/bcprov-jdk14-138.jar"/>
					</artifact>
				</artifacts>
			</revision>
		</module>
		<module organisation="bouncycastle" name="bcmail-jdk14">
			<revision name="138" status="release" pubdate="20080404120727" resolver="public" artresolver="public" homepage="http://www.bouncycastle.org/java.html" downloaded="false" searched="false" default="false" conf="compile, master(*), runtime, compile(*), runtime(*), master" position="33">
				<license name="Bouncy Castle License" url="http://www.bouncycastle.org/licence.html"/>
				<metadata-artifact status="no" details="" size="2645" time="0" location="/home/hltcoe/epavlick/.ivy2/cache/bouncycastle/bcmail-jdk14/ivy-138.xml" searched="false" origin-is-local="false" origin-location="http://repo1.maven.org/maven2/bouncycastle/bcmail-jdk14/138/bcmail-jdk14-138.pom"/>
				<caller organisation="com.lowagie" name="itext" conf="compile, runtime" rev="138" rev-constraint-default="138" rev-constraint-dynamic="138" callerrev="2.1.5"/>
				<artifacts>
					<artifact name="bcmail-jdk14" type="jar" ext="jar" status="no" details="" size="192035" time="0" location="/home/hltcoe/epavlick/.ivy2/cache/bouncycastle/bcmail-jdk14/jars/bcmail-jdk14-138.jar">
						<origin-location is-local="false" location="http://repo1.maven.org/maven2/bouncycastle/bcmail-jdk14/138/bcmail-jdk14-138.jar"/>
					</artifact>
				</artifacts>
			</revision>
		</module>
		<module organisation="org.apache.xmlgraphics" name="xmlgraphics-commons">
			<revision name="1.3.1" status="release" pubdate="20080615065535" resolver="public" artresolver="public" homepage="http://xmlgraphics.apache.org/commons/" downloaded="false" searched="false" default="false" conf="compile, master(*), runtime, compile(*), runtime(*), master" position="29">
				<license name="The Apache Software License, Version 2.0" url="http://www.apache.org/licenses/LICENSE-2.0.txt"/>
				<metadata-artifact status="no" details="" size="2927" time="0" location="/home/hltcoe/epavlick/.ivy2/cache/org.apache.xmlgraphics/xmlgraphics-commons/ivy-1.3.1.xml" searched="false" origin-is-local="false" origin-location="http://repo1.maven.org/maven2/org/apache/xmlgraphics/xmlgraphics-commons/1.3.1/xmlgraphics-commons-1.3.1.pom"/>
				<caller organisation="org.scalanlp" name="breeze-viz_2.10" conf="default, compile, runtime, master" rev="1.3.1" rev-constraint-default="1.3.1" rev-constraint-dynamic="1.3.1" callerrev="0.2.3"/>
				<artifacts>
					<artifact name="xmlgraphics-commons" type="jar" ext="jar" status="no" details="" size="517073" time="0" location="/home/hltcoe/epavlick/.ivy2/cache/org.apache.xmlgraphics/xmlgraphics-commons/jars/xmlgraphics-commons-1.3.1.jar">
						<origin-location is-local="false" location="http://repo1.maven.org/maven2/org/apache/xmlgraphics/xmlgraphics-commons/1.3.1/xmlgraphics-commons-1.3.1.jar"/>
					</artifact>
				</artifacts>
			</revision>
		</module>
		<module organisation="commons-logging" name="commons-logging">
			<revision name="1.0.4" status="release" pubdate="20051108171641" resolver="sbt-chain" artresolver="sbt-chain" homepage="http://jakarta.apache.org/commons/logging/" downloaded="false" searched="false" default="false" conf="compile, master(*), runtime, compile(*), runtime(*), master" position="31">
				<license name="The Apache Software License, Version 2.0" url="/LICENSE.txt"/>
				<metadata-artifact status="no" details="" size="2991" time="0" location="/home/hltcoe/epavlick/.ivy2/cache/commons-logging/commons-logging/ivy-1.0.4.xml" searched="false" origin-is-local="false" origin-location="http://repo1.maven.org/maven2/commons-logging/commons-logging/1.0.4/commons-logging-1.0.4.pom"/>
				<caller organisation="org.apache.xmlgraphics" name="xmlgraphics-commons" conf="compile, runtime" rev="1.0.4" rev-constraint-default="1.0.4" rev-constraint-dynamic="1.0.4" callerrev="1.3.1"/>
				<artifacts>
					<artifact name="commons-logging" type="jar" ext="jar" status="no" details="" size="38015" time="0" location="/home/hltcoe/epavlick/.ivy2/cache/commons-logging/commons-logging/jars/commons-logging-1.0.4.jar">
						<origin-location is-local="false" location="http://repo1.maven.org/maven2/commons-logging/commons-logging/1.0.4/commons-logging-1.0.4.jar"/>
					</artifact>
				</artifacts>
			</revision>
		</module>
		<module organisation="commons-io" name="commons-io">
			<revision name="1.3.1" status="release" pubdate="20070213133157" resolver="public" artresolver="public" homepage="http://jakarta.apache.org/commons/io/" downloaded="false" searched="false" default="false" conf="compile, master(*), runtime, compile(*), runtime(*), master" position="30">
				<license name="The Apache Software License, Version 2.0" url="/LICENSE.txt"/>
				<metadata-artifact status="no" details="" size="2625" time="0" location="/home/hltcoe/epavlick/.ivy2/cache/commons-io/commons-io/ivy-1.3.1.xml" searched="false" origin-is-local="false" origin-location="http://repo1.maven.org/maven2/commons-io/commons-io/1.3.1/commons-io-1.3.1.pom"/>
				<caller organisation="org.apache.xmlgraphics" name="xmlgraphics-commons" conf="compile, runtime" rev="1.3.1" rev-constraint-default="1.3.1" rev-constraint-dynamic="1.3.1" callerrev="1.3.1"/>
				<artifacts>
					<artifact name="commons-io" type="jar" ext="jar" status="no" details="" size="83613" time="0" location="/home/hltcoe/epavlick/.ivy2/cache/commons-io/commons-io/jars/commons-io-1.3.1.jar">
						<origin-location is-local="false" location="http://repo1.maven.org/maven2/commons-io/commons-io/1.3.1/commons-io-1.3.1.jar"/>
					</artifact>
				</artifacts>
			</revision>
		</module>
		<module organisation="jfree" name="jfreechart">
			<revision name="1.0.13" status="release" pubdate="20090817150744" resolver="public" artresolver="public" homepage="http://www.jfree.org/jfreechart/" downloaded="false" searched="false" default="false" conf="compile, master(*), runtime, compile(*), runtime(*), master" position="28">
				<license name="GNU Lesser General Public Licence" url="http://www.gnu.org/licenses/lgpl.txt"/>
				<metadata-artifact status="no" details="" size="2690" time="0" location="/home/hltcoe/epavlick/.ivy2/cache/jfree/jfreechart/ivy-1.0.13.xml" searched="false" origin-is-local="false" origin-location="http://repo1.maven.org/maven2/jfree/jfreechart/1.0.13/jfreechart-1.0.13.pom"/>
				<caller organisation="org.scalanlp" name="breeze-viz_2.10" conf="default, compile, runtime, master" rev="1.0.13" rev-constraint-default="1.0.13" rev-constraint-dynamic="1.0.13" callerrev="0.2.3"/>
				<artifacts>
					<artifact name="jfreechart" type="jar" ext="jar" status="no" details="" size="1425742" time="0" location="/home/hltcoe/epavlick/.ivy2/cache/jfree/jfreechart/jars/jfreechart-1.0.13.jar">
						<origin-location is-local="false" location="http://repo1.maven.org/maven2/jfree/jfreechart/1.0.13/jfreechart-1.0.13.jar"/>
					</artifact>
				</artifacts>
			</revision>
		</module>
		<module organisation="jfree" name="jcommon">
			<revision name="1.0.16" status="release" pubdate="20110924192113" resolver="public" artresolver="public" homepage="http://www.jfree.org/jcommon/" downloaded="false" searched="false" default="false" conf="compile, master(*), runtime, compile(*), runtime(*), master" position="27">
				<license name="GNU Lesser General Public Licence" url="http://www.gnu.org/licenses/lgpl.txt"/>
				<metadata-artifact status="no" details="" size="2992" time="0" location="/home/hltcoe/epavlick/.ivy2/cache/jfree/jcommon/ivy-1.0.16.xml" searched="false" origin-is-local="false" origin-location="http://repo1.maven.org/maven2/jfree/jcommon/1.0.16/jcommon-1.0.16.pom"/>
				<caller organisation="jfree" name="jfreechart" conf="compile, runtime" rev="1.0.16" rev-constraint-default="1.0.16" rev-constraint-dynamic="1.0.16" callerrev="1.0.13"/>
				<caller organisation="org.scalanlp" name="breeze-viz_2.10" conf="default, compile, runtime, master" rev="1.0.16" rev-constraint-default="1.0.16" rev-constraint-dynamic="1.0.16" callerrev="0.2.3"/>
				<artifacts>
					<artifact name="jcommon" type="jar" ext="jar" status="no" details="" size="488686" time="0" location="/home/hltcoe/epavlick/.ivy2/cache/jfree/jcommon/jars/jcommon-1.0.16.jar">
						<origin-location is-local="false" location="http://repo1.maven.org/maven2/jfree/jcommon/1.0.16/jcommon-1.0.16.jar"/>
					</artifact>
				</artifacts>
			</revision>
		</module>
		<module organisation="de.bwaldvogel" name="liblinear">
			<revision name="1.92" status="release" pubdate="20121019151547" resolver="public" artresolver="public" homepage="http://www.bwaldvogel.de/liblinear-java/" downloaded="false" searched="false" default="false" conf="default(compile), default, compile, runtime, master, master(*), compile(*), runtime(*)" position="25">
				<license name="The BSD License" url="http://www.opensource.org/licenses/bsd-license.php"/>
				<metadata-artifact status="no" details="" size="3532" time="0" location="/home/hltcoe/epavlick/.ivy2/cache/de.bwaldvogel/liblinear/ivy-1.92.xml" searched="false" origin-is-local="false" origin-location="http://repo1.maven.org/maven2/de/bwaldvogel/liblinear/1.92/liblinear-1.92.pom"/>
				<caller organisation="hyperclass" name="hyperclass_2.10" conf="test, compile, runtime" rev="1.92" rev-constraint-default="1.92" rev-constraint-dynamic="1.92" callerrev="0.1-SNAPSHOT"/>
				<caller organisation="org.scalanlp" name="breeze-learn_2.10" conf="default, compile, runtime, master" rev="1.8" rev-constraint-default="1.8" rev-constraint-dynamic="1.8" callerrev="0.2.3"/>
				<artifacts>
					<artifact name="liblinear" type="jar" ext="jar" status="no" details="" size="59908" time="0" location="/home/hltcoe/epavlick/.ivy2/cache/de.bwaldvogel/liblinear/jars/liblinear-1.92.jar">
						<origin-location is-local="false" location="http://repo1.maven.org/maven2/de/bwaldvogel/liblinear/1.92/liblinear-1.92.jar"/>
					</artifact>
				</artifacts>
			</revision>
			<revision name="1.8" evicted="latest-revision" evicted-reason="" downloaded="false" searched="false" conf="compile, master(*), runtime, compile(*), runtime(*), master, default(compile)" position="-1">
				<evicted-by rev="1.92"/>
				<caller organisation="hyperclass" name="hyperclass_2.10" conf="test, compile, runtime" rev="1.92" rev-constraint-default="1.92" rev-constraint-dynamic="1.92" callerrev="0.1-SNAPSHOT"/>
				<caller organisation="org.scalanlp" name="breeze-learn_2.10" conf="default, compile, runtime, master" rev="1.8" rev-constraint-default="1.8" rev-constraint-dynamic="1.8" callerrev="0.2.3"/>
				<artifacts>
				</artifacts>
			</revision>
		</module>
		<module organisation="org.scalanlp" name="breeze-learn_2.10">
			<revision name="0.2.3" status="release" pubdate="20130413133618" resolver="public" artresolver="public" homepage="http://scalanlp.org/" downloaded="false" searched="false" default="false" conf="default(compile), default, compile, runtime, master" position="23">
				<license name="Apache 2" url="http://www.apache.org/licenses/LICENSE-2.0.html"/>
				<metadata-artifact status="no" details="" size="3693" time="0" location="/home/hltcoe/epavlick/.ivy2/cache/org.scalanlp/breeze-learn_2.10/ivy-0.2.3.xml" searched="false" origin-is-local="false" origin-location="http://repo1.maven.org/maven2/org/scalanlp/breeze-learn_2.10/0.2.3/breeze-learn_2.10-0.2.3.pom"/>
				<caller organisation="hyperclass" name="hyperclass_2.10" conf="test, compile, runtime" rev="0.2.3" rev-constraint-default="0.2.3" rev-constraint-dynamic="0.2.3" callerrev="0.1-SNAPSHOT"/>
				<artifacts>
					<artifact name="breeze-learn_2.10" type="jar" ext="jar" status="no" details="" size="1688582" time="0" location="/home/hltcoe/epavlick/.ivy2/cache/org.scalanlp/breeze-learn_2.10/jars/breeze-learn_2.10-0.2.3.jar">
						<origin-location is-local="false" location="http://repo1.maven.org/maven2/org/scalanlp/breeze-learn_2.10/0.2.3/breeze-learn_2.10-0.2.3.jar"/>
					</artifact>
				</artifacts>
			</revision>
		</module>
		<module organisation="org.scalanlp" name="breeze-process_2.10">
			<revision name="0.2.3" status="release" pubdate="20130413133442" resolver="public" artresolver="public" homepage="http://scalanlp.org/" downloaded="false" searched="false" default="false" conf="default(compile), default, compile, master(*), runtime, compile(*), runtime(*), master" position="24">
				<license name="Apache 2" url="http://www.apache.org/licenses/LICENSE-2.0.html"/>
				<metadata-artifact status="no" details="" size="3563" time="0" location="/home/hltcoe/epavlick/.ivy2/cache/org.scalanlp/breeze-process_2.10/ivy-0.2.3.xml" searched="false" origin-is-local="false" origin-location="http://repo1.maven.org/maven2/org/scalanlp/breeze-process_2.10/0.2.3/breeze-process_2.10-0.2.3.pom"/>
				<caller organisation="hyperclass" name="hyperclass_2.10" conf="test, compile, runtime" rev="0.2.3" rev-constraint-default="0.2.3" rev-constraint-dynamic="0.2.3" callerrev="0.1-SNAPSHOT"/>
				<caller organisation="org.scalanlp" name="breeze-learn_2.10" conf="default, compile, runtime, master" rev="0.2.3" rev-constraint-default="0.2.3" rev-constraint-dynamic="0.2.3" callerrev="0.2.3"/>
				<artifacts>
					<artifact name="breeze-process_2.10" type="jar" ext="jar" status="no" details="" size="679934" time="0" location="/home/hltcoe/epavlick/.ivy2/cache/org.scalanlp/breeze-process_2.10/jars/breeze-process_2.10-0.2.3.jar">
						<origin-location is-local="false" location="http://repo1.maven.org/maven2/org/scalanlp/breeze-process_2.10/0.2.3/breeze-process_2.10-0.2.3.jar"/>
					</artifact>
				</artifacts>
			</revision>
		</module>
		<module organisation="org.scalanlp" name="breeze-math_2.10">
			<revision name="0.2.3" status="release" pubdate="20130413133143" resolver="public" artresolver="public" homepage="http://scalanlp.org/" downloaded="false" searched="false" default="false" conf="default(compile), default, compile, master(*), compile(*), runtime, runtime(*), master" position="12">
				<license name="Apache 2" url="http://www.apache.org/licenses/LICENSE-2.0.html"/>
				<metadata-artifact status="no" details="" size="3413" time="0" location="/home/hltcoe/epavlick/.ivy2/cache/org.scalanlp/breeze-math_2.10/ivy-0.2.3.xml" searched="false" origin-is-local="false" origin-location="http://repo1.maven.org/maven2/org/scalanlp/breeze-math_2.10/0.2.3/breeze-math_2.10-0.2.3.pom"/>
				<caller organisation="org.scalanlp" name="breeze-process_2.10" conf="compile, runtime" rev="0.2.3" rev-constraint-default="0.2.3" rev-constraint-dynamic="0.2.3" callerrev="0.2.3"/>
				<caller organisation="hyperclass" name="hyperclass_2.10" conf="test, compile, runtime" rev="0.2.3" rev-constraint-default="0.2.3" rev-constraint-dynamic="0.2.3" callerrev="0.1-SNAPSHOT"/>
				<caller organisation="org.scalanlp" name="breeze-viz_2.10" conf="default, compile, runtime, master" rev="0.2.3" rev-constraint-default="0.2.3" rev-constraint-dynamic="0.2.3" callerrev="0.2.3"/>
				<caller organisation="org.scalanlp" name="breeze-learn_2.10" conf="default, compile, runtime, master" rev="0.2.3" rev-constraint-default="0.2.3" rev-constraint-dynamic="0.2.3" callerrev="0.2.3"/>
				<artifacts>
					<artifact name="breeze-math_2.10" type="jar" ext="jar" status="no" details="" size="3428105" time="0" location="/home/hltcoe/epavlick/.ivy2/cache/org.scalanlp/breeze-math_2.10/jars/breeze-math_2.10-0.2.3.jar">
						<origin-location is-local="false" location="http://repo1.maven.org/maven2/org/scalanlp/breeze-math_2.10/0.2.3/breeze-math_2.10-0.2.3.jar"/>
					</artifact>
				</artifacts>
			</revision>
		</module>
		<module organisation="org.jblas" name="jblas">
			<revision name="1.2.3" status="release" pubdate="20130213092349" resolver="public" artresolver="public" homepage="http://jblas.org/" downloaded="false" searched="false" default="false" conf="compile, master(*), runtime, compile(*), runtime(*), master" position="22">
				<license name="BSD 3-clause style license" url="http://opensource.org/licenses/BSD-3-Clause"/>
				<metadata-artifact status="no" details="" size="3120" time="0" location="/home/hltcoe/epavlick/.ivy2/cache/org.jblas/jblas/ivy-1.2.3.xml" searched="false" origin-is-local="false" origin-location="http://repo1.maven.org/maven2/org/jblas/jblas/1.2.3/jblas-1.2.3.pom"/>
				<caller organisation="org.scalanlp" name="breeze-process_2.10" conf="compile, runtime" rev="1.2.3" rev-constraint-default="1.2.3" rev-constraint-dynamic="1.2.3" callerrev="0.2.3"/>
				<caller organisation="org.scalanlp" name="breeze-viz_2.10" conf="default, compile, runtime, master" rev="1.2.3" rev-constraint-default="1.2.3" rev-constraint-dynamic="1.2.3" callerrev="0.2.3"/>
				<caller organisation="org.scalanlp" name="breeze-math_2.10" conf="default, compile, runtime, master" rev="1.2.3" rev-constraint-default="1.2.3" rev-constraint-dynamic="1.2.3" callerrev="0.2.3"/>
				<caller organisation="org.scalanlp" name="breeze-learn_2.10" conf="default, compile, runtime, master" rev="1.2.3" rev-constraint-default="1.2.3" rev-constraint-dynamic="1.2.3" callerrev="0.2.3"/>
				<artifacts>
					<artifact name="jblas" type="jar" ext="jar" status="no" details="" size="7487233" time="0" location="/home/hltcoe/epavlick/.ivy2/cache/org.jblas/jblas/jars/jblas-1.2.3.jar">
						<origin-location is-local="false" location="http://repo1.maven.org/maven2/org/jblas/jblas/1.2.3/jblas-1.2.3.jar"/>
					</artifact>
				</artifacts>
			</revision>
		</module>
		<module organisation="com.googlecode.netlib-java" name="netlib-java">
			<revision name="0.9.3" status="release" pubdate="20110829235531" resolver="public" artresolver="public" homepage="http://code.google.com/p/netlib-java/" downloaded="false" searched="false" default="false" conf="compile, master(*), runtime, compile(*), runtime(*), master" position="20">
				<license name="The BSD License" url="http://www.opensource.org/licenses/bsd-license.php"/>
				<metadata-artifact status="no" details="" size="2622" time="0" location="/home/hltcoe/epavlick/.ivy2/cache/com.googlecode.netlib-java/netlib-java/ivy-0.9.3.xml" searched="false" origin-is-local="false" origin-location="http://repo1.maven.org/maven2/com/googlecode/netlib-java/netlib-java/0.9.3/netlib-java-0.9.3.pom"/>
				<caller organisation="org.scalanlp" name="breeze-process_2.10" conf="compile, runtime" rev="0.9.3" rev-constraint-default="0.9.3" rev-constraint-dynamic="0.9.3" callerrev="0.2.3"/>
				<caller organisation="org.scalanlp" name="breeze-viz_2.10" conf="default, compile, runtime, master" rev="0.9.3" rev-constraint-default="0.9.3" rev-constraint-dynamic="0.9.3" callerrev="0.2.3"/>
				<caller organisation="org.scalanlp" name="breeze-math_2.10" conf="default, compile, runtime, master" rev="0.9.3" rev-constraint-default="0.9.3" rev-constraint-dynamic="0.9.3" callerrev="0.2.3"/>
				<caller organisation="org.scalanlp" name="breeze-learn_2.10" conf="default, compile, runtime, master" rev="0.9.3" rev-constraint-default="0.9.3" rev-constraint-dynamic="0.9.3" callerrev="0.2.3"/>
				<artifacts>
					<artifact name="netlib-java" type="jar" ext="jar" status="no" details="" size="131210" time="0" location="/home/hltcoe/epavlick/.ivy2/cache/com.googlecode.netlib-java/netlib-java/jars/netlib-java-0.9.3.jar">
						<origin-location is-local="false" location="http://repo1.maven.org/maven2/com/googlecode/netlib-java/netlib-java/0.9.3/netlib-java-0.9.3.jar"/>
					</artifact>
				</artifacts>
			</revision>
		</module>
		<module organisation="net.sourceforge.f2j" name="arpack_combined_all">
			<revision name="0.1" status="release" pubdate="20110829113548" resolver="public" artresolver="public" homepage="http://f2j.sourceforge.net" downloaded="false" searched="false" default="false" conf="compile, master(*), runtime, compile(*), runtime(*), master" position="21">
				<license name="The BSD License" url="http://www.opensource.org/licenses/bsd-license.php"/>
				<metadata-artifact status="no" details="" size="2441" time="0" location="/home/hltcoe/epavlick/.ivy2/cache/net.sourceforge.f2j/arpack_combined_all/ivy-0.1.xml" searched="false" origin-is-local="false" origin-location="http://repo1.maven.org/maven2/net/sourceforge/f2j/arpack_combined_all/0.1/arpack_combined_all-0.1.pom"/>
				<caller organisation="com.googlecode.netlib-java" name="netlib-java" conf="compile, runtime" rev="0.1" rev-constraint-default="0.1" rev-constraint-dynamic="0.1" callerrev="0.9.3"/>
				<artifacts>
					<artifact name="arpack_combined_all" type="jar" ext="jar" status="no" details="" size="1194003" time="0" location="/home/hltcoe/epavlick/.ivy2/cache/net.sourceforge.f2j/arpack_combined_all/jars/arpack_combined_all-0.1.jar">
						<origin-location is-local="false" location="http://repo1.maven.org/maven2/net/sourceforge/f2j/arpack_combined_all/0.1/arpack_combined_all-0.1.jar"/>
					</artifact>
				</artifacts>
			</revision>
		</module>
		<module organisation="org.scalanlp" name="breeze-core_2.10">
			<revision name="0.2.3" status="release" pubdate="20130413133422" resolver="public" artresolver="public" homepage="http://scalanlp.org/" downloaded="false" searched="false" default="false" conf="compile, master(*), runtime, compile(*), runtime(*), master" position="13">
				<license name="Apache 2" url="http://www.apache.org/licenses/LICENSE-2.0.html"/>
				<metadata-artifact status="no" details="" size="3426" time="0" location="/home/hltcoe/epavlick/.ivy2/cache/org.scalanlp/breeze-core_2.10/ivy-0.2.3.xml" searched="false" origin-is-local="false" origin-location="http://repo1.maven.org/maven2/org/scalanlp/breeze-core_2.10/0.2.3/breeze-core_2.10-0.2.3.pom"/>
				<caller organisation="org.scalanlp" name="breeze-process_2.10" conf="compile, runtime" rev="0.2.3" rev-constraint-default="0.2.3" rev-constraint-dynamic="0.2.3" callerrev="0.2.3"/>
				<caller organisation="org.scalanlp" name="breeze-viz_2.10" conf="default, compile, runtime, master" rev="0.2.3" rev-constraint-default="0.2.3" rev-constraint-dynamic="0.2.3" callerrev="0.2.3"/>
				<caller organisation="org.scalanlp" name="breeze-math_2.10" conf="default, compile, runtime, master" rev="0.2.3" rev-constraint-default="0.2.3" rev-constraint-dynamic="0.2.3" callerrev="0.2.3"/>
				<artifacts>
					<artifact name="breeze-core_2.10" type="jar" ext="jar" status="no" details="" size="738159" time="0" location="/home/hltcoe/epavlick/.ivy2/cache/org.scalanlp/breeze-core_2.10/jars/breeze-core_2.10-0.2.3.jar">
						<origin-location is-local="false" location="http://repo1.maven.org/maven2/org/scalanlp/breeze-core_2.10/0.2.3/breeze-core_2.10-0.2.3.jar"/>
					</artifact>
				</artifacts>
			</revision>
		</module>
		<module organisation="org.apache.logging.log4j" name="log4j-core">
			<revision name="2.0-beta4" status="release" pubdate="20130128024727" resolver="public" artresolver="public" homepage="" downloaded="false" searched="false" default="false" conf="compile, master(*), runtime, compile(*), runtime(*), master" position="18">
				<metadata-artifact status="no" details="" size="12041" time="0" location="/home/hltcoe/epavlick/.ivy2/cache/org.apache.logging.log4j/log4j-core/ivy-2.0-beta4.xml" searched="false" origin-is-local="false" origin-location="http://repo1.maven.org/maven2/org/apache/logging/log4j/log4j-core/2.0-beta4/log4j-core-2.0-beta4.pom"/>
				<caller organisation="org.scalanlp" name="breeze-core_2.10" conf="compile, runtime" rev="2.0-beta4" rev-constraint-default="2.0-beta4" rev-constraint-dynamic="2.0-beta4" callerrev="0.2.3"/>
				<artifacts>
					<artifact name="log4j-core" type="jar" ext="jar" status="no" details="" size="442001" time="0" location="/home/hltcoe/epavlick/.ivy2/cache/org.apache.logging.log4j/log4j-core/jars/log4j-core-2.0-beta4.jar">
						<origin-location is-local="false" location="http://repo1.maven.org/maven2/org/apache/logging/log4j/log4j-core/2.0-beta4/log4j-core-2.0-beta4.jar"/>
					</artifact>
				</artifacts>
			</revision>
		</module>
		<module organisation="org.apache.logging.log4j" name="log4j-api">
			<revision name="2.0-beta4" status="release" pubdate="20130128024529" resolver="public" artresolver="public" homepage="" downloaded="false" searched="false" default="false" conf="compile, master(*), runtime, compile(*), runtime(*), master" position="19">
				<metadata-artifact status="no" details="" size="10391" time="0" location="/home/hltcoe/epavlick/.ivy2/cache/org.apache.logging.log4j/log4j-api/ivy-2.0-beta4.xml" searched="false" origin-is-local="false" origin-location="http://repo1.maven.org/maven2/org/apache/logging/log4j/log4j-api/2.0-beta4/log4j-api-2.0-beta4.pom"/>
				<caller organisation="org.apache.logging.log4j" name="log4j-core" conf="compile, runtime" rev="2.0-beta4" rev-constraint-default="2.0-beta4" rev-constraint-dynamic="2.0-beta4" callerrev="2.0-beta4"/>
				<caller organisation="com.typesafe" name="scalalogging-log4j_2.10" conf="compile, runtime" rev="2.0-beta3" rev-constraint-default="2.0-beta3" rev-constraint-dynamic="2.0-beta3" callerrev="1.0.1"/>
				<artifacts>
					<artifact name="log4j-api" type="jar" ext="jar" status="no" details="" size="99208" time="0" location="/home/hltcoe/epavlick/.ivy2/cache/org.apache.logging.log4j/log4j-api/jars/log4j-api-2.0-beta4.jar">
						<origin-location is-local="false" location="http://repo1.maven.org/maven2/org/apache/logging/log4j/log4j-api/2.0-beta4/log4j-api-2.0-beta4.jar"/>
					</artifact>
				</artifacts>
			</revision>
			<revision name="2.0-beta3" status="release" pubdate="20121111112219" resolver="public" artresolver="public" evicted="latest-revision" evicted-reason="" homepage="" downloaded="false" searched="false" default="false" conf="compile, master(*), runtime, compile(*), runtime(*), master" position="-1">
				<metadata-artifact status="no" details="" size="8135" time="0" location="/home/hltcoe/epavlick/.ivy2/cache/org.apache.logging.log4j/log4j-api/ivy-2.0-beta3.xml" searched="false" origin-is-local="false" origin-location="http://repo1.maven.org/maven2/org/apache/logging/log4j/log4j-api/2.0-beta3/log4j-api-2.0-beta3.pom"/>
				<evicted-by rev="2.0-beta4"/>
				<caller organisation="com.typesafe" name="scalalogging-log4j_2.10" conf="compile, runtime" rev="2.0-beta3" rev-constraint-default="2.0-beta3" rev-constraint-dynamic="2.0-beta3" callerrev="1.0.1"/>
				<artifacts>
				</artifacts>
			</revision>
		</module>
		<module organisation="com.typesafe" name="scalalogging-log4j_2.10">
			<revision name="1.0.1" status="release" pubdate="20121223174342" resolver="public" artresolver="public" homepage="https://github.com/typesafehub/scalalogging" downloaded="false" searched="false" default="false" conf="compile, master(*), runtime, compile(*), runtime(*), master" position="16">
				<license name="Apache 2.0 License" url="http://www.apache.org/licenses/LICENSE-2.0.html"/>
				<metadata-artifact status="no" details="" size="2716" time="0" location="/home/hltcoe/epavlick/.ivy2/cache/com.typesafe/scalalogging-log4j_2.10/ivy-1.0.1.xml" searched="false" origin-is-local="false" origin-location="http://repo1.maven.org/maven2/com/typesafe/scalalogging-log4j_2.10/1.0.1/scalalogging-log4j_2.10-1.0.1.pom"/>
				<caller organisation="org.scalanlp" name="breeze-core_2.10" conf="compile, runtime" rev="1.0.1" rev-constraint-default="1.0.1" rev-constraint-dynamic="1.0.1" callerrev="0.2.3"/>
				<artifacts>
					<artifact name="scalalogging-log4j_2.10" type="jar" ext="jar" status="no" details="" size="157049" time="0" location="/home/hltcoe/epavlick/.ivy2/cache/com.typesafe/scalalogging-log4j_2.10/jars/scalalogging-log4j_2.10-1.0.1.jar">
						<origin-location is-local="false" location="http://repo1.maven.org/maven2/com/typesafe/scalalogging-log4j_2.10/1.0.1/scalalogging-log4j_2.10-1.0.1.jar"/>
					</artifact>
				</artifacts>
			</revision>
		</module>
		<module organisation="org.scala-lang" name="scala-reflect">
			<revision name="2.10.0" status="release" pubdate="20121220022932" resolver="sbt-chain" artresolver="sbt-chain" homepage="http://www.scala-lang.org/" downloaded="false" searched="false" default="false" conf="compile, master(*), runtime, compile(*), runtime(*), master" position="17">
				<license name="BSD-like" url="http://www.scala-lang.org/downloads/license.html    "/>
				<metadata-artifact status="no" details="" size="2552" time="0" location="/home/hltcoe/epavlick/.ivy2/cache/org.scala-lang/scala-reflect/ivy-2.10.0.xml" searched="false" origin-is-local="false" origin-location="http://repo1.maven.org/maven2/org/scala-lang/scala-reflect/2.10.0/scala-reflect-2.10.0.pom"/>
				<caller organisation="com.typesafe" name="scalalogging-log4j_2.10" conf="compile, runtime" rev="2.10.0" rev-constraint-default="2.10.0" rev-constraint-dynamic="2.10.0" callerrev="1.0.1"/>
				<caller organisation="org.scalatest" name="scalatest_2.10" conf="default, compile, runtime, master" rev="2.10.0" rev-constraint-default="2.10.0" rev-constraint-dynamic="2.10.0" callerrev="1.9.1"/>
				<artifacts>
					<artifact name="scala-reflect" type="jar" ext="jar" status="no" details="" size="3149351" time="0" location="/home/hltcoe/epavlick/.ivy2/cache/org.scala-lang/scala-reflect/jars/scala-reflect-2.10.0.jar">
						<origin-location is-local="false" location="http://repo1.maven.org/maven2/org/scala-lang/scala-reflect/2.10.0/scala-reflect-2.10.0.jar"/>
					</artifact>
				</artifacts>
			</revision>
		</module>
		<module organisation="net.sf.opencsv" name="opencsv">
			<revision name="2.3" status="release" pubdate="20110728010018" resolver="public" artresolver="public" homepage="http://opencsv.sf.net" downloaded="false" searched="false" default="false" conf="compile, master(*), runtime, compile(*), runtime(*), master" position="15">
				<license name="Apache 2" url="http://www.apache.org/licenses/LICENSE-2.0.txt"/>
				<metadata-artifact status="no" details="" size="3222" time="0" location="/home/hltcoe/epavlick/.ivy2/cache/net.sf.opencsv/opencsv/ivy-2.3.xml" searched="false" origin-is-local="false" origin-location="http://repo1.maven.org/maven2/net/sf/opencsv/opencsv/2.3/opencsv-2.3.pom"/>
				<caller organisation="org.scalanlp" name="breeze-core_2.10" conf="compile, runtime" rev="2.3" rev-constraint-default="2.3" rev-constraint-dynamic="2.3" callerrev="0.2.3"/>
				<artifacts>
					<artifact name="opencsv" type="jar" ext="jar" status="no" details="" size="19827" time="0" location="/home/hltcoe/epavlick/.ivy2/cache/net.sf.opencsv/opencsv/jars/opencsv-2.3.jar">
						<origin-location is-local="false" location="http://repo1.maven.org/maven2/net/sf/opencsv/opencsv/2.3/opencsv-2.3.jar"/>
					</artifact>
				</artifacts>
			</revision>
		</module>
		<module organisation="com.thoughtworks.paranamer" name="paranamer">
			<revision name="2.2" status="release" pubdate="20100102064326" resolver="public" artresolver="public" homepage="" downloaded="false" searched="false" default="false" conf="compile, master(*), runtime, compile(*), runtime(*), master" position="14">
				<metadata-artifact status="no" details="" size="3881" time="0" location="/home/hltcoe/epavlick/.ivy2/cache/com.thoughtworks.paranamer/paranamer/ivy-2.2.xml" searched="false" origin-is-local="false" origin-location="http://repo1.maven.org/maven2/com/thoughtworks/paranamer/paranamer/2.2/paranamer-2.2.pom"/>
				<caller organisation="org.scalanlp" name="breeze-process_2.10" conf="compile, runtime" rev="2.2" rev-constraint-default="2.2" rev-constraint-dynamic="2.2" callerrev="0.2.3"/>
				<caller organisation="org.scalanlp" name="breeze-viz_2.10" conf="default, compile, runtime, master" rev="2.2" rev-constraint-default="2.2" rev-constraint-dynamic="2.2" callerrev="0.2.3"/>
				<caller organisation="org.scalanlp" name="breeze-core_2.10" conf="compile, runtime" rev="2.2" rev-constraint-default="2.2" rev-constraint-dynamic="2.2" callerrev="0.2.3"/>
				<caller organisation="org.scalanlp" name="breeze-math_2.10" conf="default, compile, runtime, master" rev="2.2" rev-constraint-default="2.2" rev-constraint-dynamic="2.2" callerrev="0.2.3"/>
				<caller organisation="org.scalanlp" name="breeze-learn_2.10" conf="default, compile, runtime, master" rev="2.2" rev-constraint-default="2.2" rev-constraint-dynamic="2.2" callerrev="0.2.3"/>
				<artifacts>
					<artifact name="paranamer" type="jar" ext="jar" status="no" details="" size="29392" time="0" location="/home/hltcoe/epavlick/.ivy2/cache/com.thoughtworks.paranamer/paranamer/jars/paranamer-2.2.jar">
						<origin-location is-local="false" location="http://repo1.maven.org/maven2/com/thoughtworks/paranamer/paranamer/2.2/paranamer-2.2.jar"/>
					</artifact>
				</artifacts>
			</revision>
		</module>
		<module organisation="edu.mit" name="jwi">
			<revision name="2.2.3" status="release" pubdate="20120327111929" resolver="public" artresolver="public" homepage="http://projects.csail.mit.edu/jwi/" downloaded="true" searched="true" default="false" conf="default(compile), default, compile, runtime, master" position="11">
				<license name="Creative Commons Attribution-NonCommerical Version 3.0 Unported License" url="http://creativecommons.org/licenses/by-nc/3.0/legalcode"/>
				<metadata-artifact status="successful" details="" size="1188" time="50" location="/home/hltcoe/epavlick/.ivy2/cache/edu.mit/jwi/ivy-2.2.3.xml" searched="true" original-local-location="/home/hltcoe/epavlick/.ivy2/cache/edu.mit/jwi/ivy-2.2.3.xml.original" origin-is-local="false" origin-location="http://repo1.maven.org/maven2/edu/mit/jwi/2.2.3/jwi-2.2.3.pom"/>
				<caller organisation="hyperclass" name="hyperclass_2.10" conf="test, compile, runtime" rev="2.2.3" rev-constraint-default="2.2.3" rev-constraint-dynamic="2.2.3" callerrev="0.1-SNAPSHOT"/>
				<artifacts>
					<artifact name="jwi" type="jar" ext="jar" status="successful" details="" size="142040" time="79" location="/home/hltcoe/epavlick/.ivy2/cache/edu.mit/jwi/jars/jwi-2.2.3.jar">
						<origin-location is-local="false" location="http://repo1.maven.org/maven2/edu/mit/jwi/2.2.3/jwi-2.2.3.jar"/>
					</artifact>
				</artifacts>
			</revision>
		</module>
		<module organisation="edu.stanford.nlp" name="stanford-corenlp">
			<revision name="1.3.4" status="release" pubdate="20121217150707" resolver="public" artresolver="public" homepage="http://nlp.stanford.edu/software/corenlp.shtml" downloaded="false" searched="false" default="false" conf="default(compile), default, compile, runtime, master" position="3">
				<license name="GNU General Public License Version 2" url="http://www.gnu.org/licenses/gpl-2.0.txt"/>
				<metadata-artifact status="no" details="" size="3598" time="0" location="/home/hltcoe/epavlick/.ivy2/cache/edu.stanford.nlp/stanford-corenlp/ivy-1.3.4.xml" searched="false" origin-is-local="false" origin-location="http://repo1.maven.org/maven2/edu/stanford/nlp/stanford-corenlp/1.3.4/stanford-corenlp-1.3.4.pom"/>
				<caller organisation="hyperclass" name="hyperclass_2.10" conf="test, compile, runtime" rev="1.3.4" rev-constraint-default="1.3.4" rev-constraint-dynamic="1.3.4" callerrev="0.1-SNAPSHOT"/>
				<artifacts>
					<artifact name="stanford-corenlp" type="jar" ext="jar" status="no" details="" size="4374587" time="0" location="/home/hltcoe/epavlick/.ivy2/cache/edu.stanford.nlp/stanford-corenlp/jars/stanford-corenlp-1.3.4.jar">
						<origin-location is-local="false" location="http://repo1.maven.org/maven2/edu/stanford/nlp/stanford-corenlp/1.3.4/stanford-corenlp-1.3.4.jar"/>
					</artifact>
				</artifacts>
			</revision>
		</module>
		<module organisation="de.jollyday" name="jollyday">
			<revision name="0.4.7" status="release" pubdate="20121104190012" resolver="public" artresolver="public" homepage="http://sourceforge.net/projects/jollyday" downloaded="false" searched="false" default="false" conf="compile, master(*), runtime, compile(*), runtime(*), master" position="9">
				<license name="Apache 2" url="http://www.apache.org/licenses/LICENSE-2.0.txt"/>
				<metadata-artifact status="no" details="" size="4099" time="0" location="/home/hltcoe/epavlick/.ivy2/cache/de.jollyday/jollyday/ivy-0.4.7.xml" searched="false" origin-is-local="false" origin-location="http://repo1.maven.org/maven2/de/jollyday/jollyday/0.4.7/jollyday-0.4.7.pom"/>
				<caller organisation="edu.stanford.nlp" name="stanford-corenlp" conf="default, compile, runtime, master" rev="0.4.7" rev-constraint-default="0.4.7" rev-constraint-dynamic="0.4.7" callerrev="1.3.4"/>
				<artifacts>
					<artifact name="jollyday" type="jar" ext="jar" status="no" details="" size="200993" time="0" location="/home/hltcoe/epavlick/.ivy2/cache/de.jollyday/jollyday/jars/jollyday-0.4.7.jar">
						<origin-location is-local="false" location="http://repo1.maven.org/maven2/de/jollyday/jollyday/0.4.7/jollyday-0.4.7.jar"/>
					</artifact>
				</artifacts>
			</revision>
		</module>
		<module organisation="javax.xml.bind" name="jaxb-api">
			<revision name="2.2.7" status="release" pubdate="20120524053721" resolver="public" artresolver="public" homepage="http://jaxb.java.net/" downloaded="false" searched="false" default="false" conf="compile, master(*), runtime, compile(*), runtime(*), master" position="10">
				<license name="CDDL 1.1" url="https://glassfish.java.net/public/CDDL+GPL_1_1.html"/>
				<license name="GPL2 w/ CPE" url="https://glassfish.java.net/public/CDDL+GPL_1_1.html"/>
				<metadata-artifact status="no" details="" size="3149" time="0" location="/home/hltcoe/epavlick/.ivy2/cache/javax.xml.bind/jaxb-api/ivy-2.2.7.xml" searched="false" origin-is-local="false" origin-location="http://repo1.maven.org/maven2/javax/xml/bind/jaxb-api/2.2.7/jaxb-api-2.2.7.pom"/>
				<caller organisation="de.jollyday" name="jollyday" conf="compile, runtime" rev="2.2.7" rev-constraint-default="2.2.7" rev-constraint-dynamic="2.2.7" callerrev="0.4.7"/>
				<artifacts>
					<artifact name="jaxb-api" type="jar" ext="jar" status="no" details="" size="100146" time="0" location="/home/hltcoe/epavlick/.ivy2/cache/javax.xml.bind/jaxb-api/jars/jaxb-api-2.2.7.jar">
						<origin-location is-local="false" location="http://repo1.maven.org/maven2/javax/xml/bind/jaxb-api/2.2.7/jaxb-api-2.2.7.jar"/>
					</artifact>
				</artifacts>
			</revision>
		</module>
		<module organisation="joda-time" name="joda-time">
			<revision name="2.1" status="release" pubdate="20120222112242" resolver="public" artresolver="public" homepage="http://joda-time.sourceforge.net" downloaded="false" searched="false" default="false" conf="compile, master(*), runtime, compile(*), runtime(*), master" position="8">
				<license name="Apache 2" url="http://www.apache.org/licenses/LICENSE-2.0.txt"/>
				<metadata-artifact status="no" details="" size="3297" time="0" location="/home/hltcoe/epavlick/.ivy2/cache/joda-time/joda-time/ivy-2.1.xml" searched="false" origin-is-local="false" origin-location="http://repo1.maven.org/maven2/joda-time/joda-time/2.1/joda-time-2.1.pom"/>
				<caller organisation="edu.stanford.nlp" name="stanford-corenlp" conf="default, compile, runtime, master" rev="2.1" rev-constraint-default="2.1" rev-constraint-dynamic="2.1" callerrev="1.3.4"/>
				<caller organisation="de.jollyday" name="jollyday" conf="compile, runtime" rev="2.1" rev-constraint-default="2.1" rev-constraint-dynamic="2.1" callerrev="0.4.7"/>
				<artifacts>
					<artifact name="joda-time" type="jar" ext="jar" status="no" details="" size="570478" time="0" location="/home/hltcoe/epavlick/.ivy2/cache/joda-time/joda-time/jars/joda-time-2.1.jar">
						<origin-location is-local="false" location="http://repo1.maven.org/maven2/joda-time/joda-time/2.1/joda-time-2.1.jar"/>
					</artifact>
				</artifacts>
			</revision>
		</module>
		<module organisation="xom" name="xom">
			<revision name="1.2.5" status="release" pubdate="20100512022210" resolver="public" artresolver="public" homepage="http://xom.nu" downloaded="false" searched="false" default="false" conf="compile, master(*), runtime, compile(*), runtime(*), master" position="4">
				<license name="The GNU Lesser General Public License, Version 2.1" url="http://www.gnu.org/licenses/lgpl-2.1.html"/>
				<metadata-artifact status="no" details="" size="2786" time="0" location="/home/hltcoe/epavlick/.ivy2/cache/xom/xom/ivy-1.2.5.xml" searched="false" origin-is-local="false" origin-location="http://repo1.maven.org/maven2/xom/xom/1.2.5/xom-1.2.5.pom"/>
				<caller organisation="edu.stanford.nlp" name="stanford-corenlp" conf="default, compile, runtime, master" rev="1.2.5" rev-constraint-default="1.2.5" rev-constraint-dynamic="1.2.5" callerrev="1.3.4"/>
				<artifacts>
					<artifact name="xom" type="jar" ext="jar" status="no" details="" size="308863" time="0" location="/home/hltcoe/epavlick/.ivy2/cache/xom/xom/jars/xom-1.2.5.jar">
						<origin-location is-local="false" location="http://repo1.maven.org/maven2/xom/xom/1.2.5/xom-1.2.5.jar"/>
					</artifact>
				</artifacts>
			</revision>
		</module>
		<module organisation="xalan" name="xalan">
			<revision name="2.7.0" status="release" pubdate="20051108170738" resolver="public" artresolver="public" homepage="" downloaded="false" searched="false" default="false" conf="compile, master(*), runtime, compile(*), runtime(*), master" position="7">
				<metadata-artifact status="no" details="" size="2448" time="0" location="/home/hltcoe/epavlick/.ivy2/cache/xalan/xalan/ivy-2.7.0.xml" searched="false" origin-is-local="false" origin-location="http://repo1.maven.org/maven2/xalan/xalan/2.7.0/xalan-2.7.0.pom"/>
				<caller organisation="xom" name="xom" conf="compile, runtime" rev="2.7.0" rev-constraint-default="2.7.0" rev-constraint-dynamic="2.7.0" callerrev="1.2.5"/>
				<artifacts>
					<artifact name="xalan" type="jar" ext="jar" status="no" details="" size="2730442" time="0" location="/home/hltcoe/epavlick/.ivy2/cache/xalan/xalan/jars/xalan-2.7.0.jar">
						<origin-location is-local="false" location="http://repo1.maven.org/maven2/xalan/xalan/2.7.0/xalan-2.7.0.jar"/>
					</artifact>
				</artifacts>
			</revision>
		</module>
		<module organisation="xerces" name="xercesImpl">
			<revision name="2.8.0" status="release" pubdate="20060512163229" resolver="public" artresolver="public" homepage="http://xerces.apache.org/xerces2-j" downloaded="false" searched="false" default="false" conf="compile, master(*), runtime, compile(*), runtime(*), master" position="6">
				<metadata-artifact status="no" details="" size="2829" time="0" location="/home/hltcoe/epavlick/.ivy2/cache/xerces/xercesImpl/ivy-2.8.0.xml" searched="false" origin-is-local="false" origin-location="http://repo1.maven.org/maven2/xerces/xercesImpl/2.8.0/xercesImpl-2.8.0.pom"/>
				<caller organisation="xom" name="xom" conf="compile, runtime" rev="2.8.0" rev-constraint-default="2.8.0" rev-constraint-dynamic="2.8.0" callerrev="1.2.5"/>
				<artifacts>
					<artifact name="xercesImpl" type="jar" ext="jar" status="no" details="" size="1207073" time="0" location="/home/hltcoe/epavlick/.ivy2/cache/xerces/xercesImpl/jars/xercesImpl-2.8.0.jar">
						<origin-location is-local="false" location="http://repo1.maven.org/maven2/xerces/xercesImpl/2.8.0/xercesImpl-2.8.0.jar"/>
					</artifact>
				</artifacts>
			</revision>
		</module>
		<module organisation="xml-apis" name="xml-apis">
			<revision name="1.3.03" status="release" pubdate="20060512150702" resolver="public" artresolver="public" homepage="http://xml.apache.org/commons/#external" downloaded="false" searched="false" default="false" conf="compile, master(*), runtime, compile(*), runtime(*), master" position="5">
				<metadata-artifact status="no" details="" size="2225" time="0" location="/home/hltcoe/epavlick/.ivy2/cache/xml-apis/xml-apis/ivy-1.3.03.xml" searched="false" origin-is-local="false" origin-location="http://repo1.maven.org/maven2/xml-apis/xml-apis/1.3.03/xml-apis-1.3.03.pom"/>
				<caller organisation="xalan" name="xalan" conf="compile, runtime" rev="2.0.2" rev-constraint-default="2.0.2" rev-constraint-dynamic="2.0.2" callerrev="2.7.0"/>
				<caller organisation="xom" name="xom" conf="compile, runtime" rev="1.3.03" rev-constraint-default="1.3.03" rev-constraint-dynamic="1.3.03" callerrev="1.2.5"/>
				<caller organisation="xerces" name="xercesImpl" conf="compile, runtime" rev="1.3.03" rev-constraint-default="1.3.03" rev-constraint-dynamic="1.3.03" callerrev="2.8.0"/>
				<artifacts>
					<artifact name="xml-apis" type="jar" ext="jar" status="no" details="" size="195119" time="0" location="/home/hltcoe/epavlick/.ivy2/cache/xml-apis/xml-apis/jars/xml-apis-1.3.03.jar">
						<origin-location is-local="false" location="http://repo1.maven.org/maven2/xml-apis/xml-apis/1.3.03/xml-apis-1.3.03.jar"/>
					</artifact>
				</artifacts>
			</revision>
			<revision name="2.0.2" evicted="latest-revision" evicted-reason="" downloaded="false" searched="false" conf="compile, master(*), runtime, compile(*), runtime(*), master" position="-1">
				<evicted-by rev="1.3.03"/>
				<caller organisation="xalan" name="xalan" conf="compile, runtime" rev="2.0.2" rev-constraint-default="2.0.2" rev-constraint-dynamic="2.0.2" callerrev="2.7.0"/>
				<artifacts>
				</artifacts>
			</revision>
		</module>
		<module organisation="log4j" name="log4j">
			<revision name="1.2.17" status="release" pubdate="20120526054339" resolver="public" artresolver="public" homepage="http://logging.apache.org/log4j/1.2/" downloaded="false" searched="false" default="false" conf="default(compile), default, compile, runtime, master" position="2">
				<license name="The Apache Software License, Version 2.0" url="http://www.apache.org/licenses/LICENSE-2.0.txt"/>
				<metadata-artifact status="no" details="" size="3514" time="0" location="/home/hltcoe/epavlick/.ivy2/cache/log4j/log4j/ivy-1.2.17.xml" searched="false" origin-is-local="false" origin-location="http://repo1.maven.org/maven2/log4j/log4j/1.2.17/log4j-1.2.17.pom"/>
				<caller organisation="hyperclass" name="hyperclass_2.10" conf="test, compile, runtime" rev="1.2.17" rev-constraint-default="1.2.17" rev-constraint-dynamic="1.2.17" callerrev="0.1-SNAPSHOT"/>
				<artifacts>
					<artifact name="log4j" type="bundle" ext="jar" status="no" details="" size="489884" time="0" location="/home/hltcoe/epavlick/.ivy2/cache/log4j/log4j/bundles/log4j-1.2.17.jar">
						<origin-location is-local="false" location="http://repo1.maven.org/maven2/log4j/log4j/1.2.17/log4j-1.2.17.jar"/>
					</artifact>
				</artifacts>
			</revision>
		</module>
		<module organisation="commons-lang" name="commons-lang">
			<revision name="2.6" status="release" pubdate="20110116172147" resolver="public" artresolver="public" homepage="http://commons.apache.org/lang/" downloaded="false" searched="false" default="false" conf="default(compile), default, compile, runtime, master" position="1">
				<metadata-artifact status="no" details="" size="6390" time="0" location="/home/hltcoe/epavlick/.ivy2/cache/commons-lang/commons-lang/ivy-2.6.xml" searched="false" origin-is-local="false" origin-location="http://repo1.maven.org/maven2/commons-lang/commons-lang/2.6/commons-lang-2.6.pom"/>
				<caller organisation="hyperclass" name="hyperclass_2.10" conf="test, compile, runtime" rev="2.6" rev-constraint-default="2.6" rev-constraint-dynamic="2.6" callerrev="0.1-SNAPSHOT"/>
				<artifacts>
					<artifact name="commons-lang" type="jar" ext="jar" status="no" details="" size="284220" time="0" location="/home/hltcoe/epavlick/.ivy2/cache/commons-lang/commons-lang/jars/commons-lang-2.6.jar">
						<origin-location is-local="false" location="http://repo1.maven.org/maven2/commons-lang/commons-lang/2.6/commons-lang-2.6.jar"/>
					</artifact>
				</artifacts>
			</revision>
		</module>
		<module organisation="org.scala-lang" name="scala-library">
			<revision name="2.10.0" status="release" pubdate="20121220022916" resolver="sbt-chain" artresolver="sbt-chain" homepage="http://www.scala-lang.org/" downloaded="false" searched="false" default="false" conf="default(compile), default, compile, master(*), compile(*), runtime, runtime(*), master" position="0">
				<license name="BSD-like" url="http://www.scala-lang.org/downloads/license.html          "/>
				<metadata-artifact status="no" details="" size="2392" time="0" location="/home/hltcoe/epavlick/.ivy2/cache/org.scala-lang/scala-library/ivy-2.10.0.xml" searched="false" origin-is-local="false" origin-location="http://repo1.maven.org/maven2/org/scala-lang/scala-library/2.10.0/scala-library-2.10.0.pom"/>
				<caller organisation="org.scalanlp" name="breeze-process_2.10" conf="compile, runtime" rev="2.10.0" rev-constraint-default="2.10.0" rev-constraint-dynamic="2.10.1" callerrev="0.2.3"/>
				<caller organisation="org.scala-lang" name="scala-actors" conf="compile, runtime" rev="2.10.0" rev-constraint-default="2.10.0" rev-constraint-dynamic="2.10.0" callerrev="2.10.0"/>
				<caller organisation="hyperclass" name="hyperclass_2.10" conf="test, compile, runtime" rev="2.10.0" rev-constraint-default="2.10.0" rev-constraint-dynamic="2.10.0" callerrev="0.1-SNAPSHOT"/>
				<caller organisation="org.scalanlp" name="breeze-viz_2.10" conf="default, compile, runtime, master" rev="2.10.0" rev-constraint-default="2.10.0" rev-constraint-dynamic="2.10.1" callerrev="0.2.3"/>
				<caller organisation="org.scala-lang" name="scala-reflect" conf="compile, runtime" rev="2.10.0" rev-constraint-default="2.10.0" rev-constraint-dynamic="2.10.0" callerrev="2.10.0"/>
				<caller organisation="org.scalanlp" name="breeze-core_2.10" conf="compile, runtime" rev="2.10.0" rev-constraint-default="2.10.0" rev-constraint-dynamic="2.10.1" callerrev="0.2.3"/>
				<caller organisation="org.scalanlp" name="breeze-math_2.10" conf="default, compile, runtime, master" rev="2.10.0" rev-constraint-default="2.10.0" rev-constraint-dynamic="2.10.1" callerrev="0.2.3"/>
				<caller organisation="org.scalanlp" name="breeze-learn_2.10" conf="default, compile, runtime, master" rev="2.10.0" rev-constraint-default="2.10.0" rev-constraint-dynamic="2.10.1" callerrev="0.2.3"/>
				<caller organisation="org.scalatest" name="scalatest_2.10" conf="default, compile, runtime, master" rev="2.10.0" rev-constraint-default="2.10.0" rev-constraint-dynamic="2.10.0" callerrev="1.9.1"/>
				<artifacts>
				</artifacts>
			</revision>
		</module>
	</dependencies>
</ivy-report>
